  用于 x86 的 Microsoft (R) C/C++ 优化编译器 19.16.27045 版
  版权所有(C) Microsoft Corporation。保留所有权利。
  
  cl /c /ZI /JMC /W3 /WX- /diagnostics:classic /sdl /Od /Oy- /D _MBCS /Gm- /EHsc /RTC1 /MDd /GS /fp:precise /permissive- /Zc:wchar_t /Zc:forScope /Zc:inline /Fo"Debug\\" /Fd"Debug\vc141.pdb" /Gd /TP /analyze- /FC /errorReport:prompt "源.cpp"
  
  源.cpp
c:\users\taozehua\source\repos\q165\q169\rectangle.h(35): warning C4018: “<”: 有符号/无符号不匹配
c:\users\taozehua\source\repos\q165\q169\rectangle.h(59): warning C4018: “<”: 有符号/无符号不匹配
c:\users\taozehua\source\repos\q165\q169\rectangle.h(67): warning C4018: “<”: 有符号/无符号不匹配
c:\users\taozehua\source\repos\q165\q169\rectangle.h(84): warning C4018: “<”: 有符号/无符号不匹配
c:\users\taozehua\source\repos\q165\q169\rectangle.h(114): warning C4018: “<”: 有符号/无符号不匹配
c:\users\taozehua\source\repos\q165\q169\rectangle.h(121): warning C4018: “<”: 有符号/无符号不匹配
c:\users\taozehua\source\repos\q165\q169\rectangle.h(122): warning C4018: “<”: 有符号/无符号不匹配
c:\users\taozehua\source\repos\q165\q169\源.cpp(22): warning C4018: “<”: 有符号/无符号不匹配
c:\users\taozehua\source\repos\q165\q169\源.cpp(41): warning C4018: “<”: 有符号/无符号不匹配
c:\users\taozehua\source\repos\q165\q169\源.cpp(46): warning C4018: “<”: 有符号/无符号不匹配
c:\users\taozehua\source\repos\q165\q169\源.cpp(49): warning C4018: “<”: 有符号/无符号不匹配
c:\users\taozehua\source\repos\q165\q169\源.cpp(62): warning C4018: “<”: 有符号/无符号不匹配
  Microsoft (R) Incremental Linker Version 14.16.27045.0
  Copyright (C) Microsoft Corporation.  All rights reserved.
  
  "/OUT:C:\Users\taozehua\source\repos\Q165\Debug\Q169.exe" /INCREMENTAL kernel32.lib user32.lib gdi32.lib winspool.lib comdlg32.lib advapi32.lib shell32.lib ole32.lib oleaut32.lib uuid.lib odbc32.lib odbccp32.lib /MANIFEST "/MANIFESTUAC:level='asInvoker' uiAccess='false'" /manifest:embed /DEBUG:FASTLINK "/PDB:C:\Users\taozehua\source\repos\Q165\Debug\Q169.pdb" /SUBSYSTEM:CONSOLE /TLBID:1 /DYNAMICBASE /NXCOMPAT "/IMPLIB:C:\Users\taozehua\source\repos\Q165\Debug\Q169.lib" /MACHINE:X86 "Debug\源.obj" 
  Q169.vcxproj -> C:\Users\taozehua\source\repos\Q165\Debug\Q169.exe
