  用于 x86 的 Microsoft (R) C/C++ 优化编译器 19.16.27045 版
  版权所有(C) Microsoft Corporation。保留所有权利。
  
  cl /c /ZI /JMC /W3 /WX- /diagnostics:classic /sdl /Od /Oy- /D _MBCS /Gm- /EHsc /RTC1 /MDd /GS /fp:precise /permissive- /Zc:wchar_t /Zc:forScope /Zc:inline /Fo"Debug\\" /Fd"Debug\vc141.pdb" /Gd /TP /analyze- /FC /errorReport:prompt "源.cpp"
  
  源.cpp
c:\users\taozehua\source\repos\q165\q170\plane.h(83): warning C4018: “<”: 有符号/无符号不匹配
c:\users\taozehua\source\repos\q165\q170\plane.h(108): warning C4018: “<”: 有符号/无符号不匹配
c:\users\taozehua\source\repos\q165\q170\plane.h(115): warning C4018: “<”: 有符号/无符号不匹配
c:\users\taozehua\source\repos\q165\q170\plane.h(121): warning C4018: “<”: 有符号/无符号不匹配
c:\users\taozehua\source\repos\q165\q170\plane.h(135): warning C4018: “<”: 有符号/无符号不匹配
c:\users\taozehua\source\repos\q165\q170\plane.h(143): warning C4018: “<”: 有符号/无符号不匹配
c:\users\taozehua\source\repos\q165\q170\plane.h(174): warning C4018: “<”: 有符号/无符号不匹配
c:\users\taozehua\source\repos\q165\q170\plane.h(176): warning C4018: “<”: 有符号/无符号不匹配
c:\users\taozehua\source\repos\q165\q170\plane.h(245): warning C4018: “<”: 有符号/无符号不匹配
c:\users\taozehua\source\repos\q165\q170\plane.h(256): warning C4018: “<”: 有符号/无符号不匹配
c:\users\taozehua\source\repos\q165\q170\plane.h(273): warning C4018: “<”: 有符号/无符号不匹配
c:\users\taozehua\source\repos\q165\q170\plane.h(401): warning C4018: “<”: 有符号/无符号不匹配
c:\users\taozehua\source\repos\q165\q170\源.cpp(21): warning C4018: “<”: 有符号/无符号不匹配
c:\users\taozehua\source\repos\q165\q170\源.cpp(38): warning C4018: “<”: 有符号/无符号不匹配
c:\users\taozehua\source\repos\q165\q170\源.cpp(50): warning C4018: “<”: 有符号/无符号不匹配
c:\users\taozehua\source\repos\q165\q170\源.cpp(60): warning C4018: “<”: 有符号/无符号不匹配
  Microsoft (R) Incremental Linker Version 14.16.27045.0
  Copyright (C) Microsoft Corporation.  All rights reserved.
  
  "/OUT:C:\Users\taozehua\source\repos\Q165\Debug\Q170.exe" /INCREMENTAL kernel32.lib user32.lib gdi32.lib winspool.lib comdlg32.lib advapi32.lib shell32.lib ole32.lib oleaut32.lib uuid.lib odbc32.lib odbccp32.lib /MANIFEST "/MANIFESTUAC:level='asInvoker' uiAccess='false'" /manifest:embed /DEBUG:FASTLINK "/PDB:C:\Users\taozehua\source\repos\Q165\Debug\Q170.pdb" /SUBSYSTEM:CONSOLE /TLBID:1 /DYNAMICBASE /NXCOMPAT "/IMPLIB:C:\Users\taozehua\source\repos\Q165\Debug\Q170.lib" /MACHINE:X86 "Debug\源.obj" 
  Q170.vcxproj -> C:\Users\taozehua\source\repos\Q165\Debug\Q170.exe
