  用于 x86 的 Microsoft (R) C/C++ 优化编译器 19.16.27045 版
  版权所有(C) Microsoft Corporation。保留所有权利。
  
  cl /c /I"\\Mac\Home\Downloads\大三上学习资料\嵌入式\作业\ex3\191250133 陶泽华\数据竞争\Microsoft\Windows\Kernel\OS2\VS\\.." /I"\\Mac\Home\Downloads\大三上学习资料\嵌入式\作业\ex3\191250133 陶泽华\数据竞争\Microsoft\Windows\Kernel\OS2\VS\\..\.." /I"\\Mac\Home\Downloads\大三上学习资料\嵌入式\作业\ex3\191250133 陶泽华\数据竞争\Microsoft\Windows\Kernel\OS2\VS\\..\..\..\..\BSP\Windows" /I"\\Mac\Home\Downloads\大三上学习资料\嵌入式\作业\ex3\191250133 陶泽华\数据竞争\Microsoft\Windows\Kernel\OS2\VS\\..\..\..\..\..\Micrium\Software\uC-CPU" /I"\\Mac\Home\Downloads\大三上学习资料\嵌入式\作业\ex3\191250133 陶泽华\数据竞争\Microsoft\Windows\Kernel\OS2\VS\\..\..\..\..\..\Micrium\Software\uC-CPU\Win32\Visual_Studio" /I"\\Mac\Home\Downloads\大三上学习资料\嵌入式\作业\ex3\191250133 陶泽华\数据竞争\Microsoft\Windows\Kernel\OS2\VS\\..\..\..\..\..\Micrium\Software\uC-LIB" /I"\\Mac\Home\Downloads\大三上学习资料\嵌入式\作业\ex3\191250133 陶泽华\数据竞争\Microsoft\Windows\Kernel\OS2\VS\\..\..\..\..\..\Micrium\Software\uCOS-II\Ports\Win32\Visual Studio" /I"\\Mac\Home\Downloads\大三上学习资料\嵌入式\作业\ex3\191250133 陶泽华\数据竞争\Microsoft\Windows\Kernel\OS2\VS\\..\..\..\..\..\Micrium\Software\uCOS-II\Source" /ZI /JMC /W3 /WX- /diagnostics:classic /sdl /Od /Oy- /D _MBCS /Gm- /EHsc /RTC1 /MDd /GS /fp:precise /Zc:wchar_t /Zc:forScope /Zc:inline /Fo"Debug\\" /Fd"Debug\vc141.pdb" /Gd /TC /analyze- /FC /errorReport:prompt "..\..\..\..\..\Micrium\Software\uC-CPU\cpu_core.c" "..\..\..\..\..\Micrium\Software\uC-CPU\Win32\Visual_Studio\cpu_c.c" "..\..\..\..\..\Micrium\Software\uC-LIB\lib_ascii.c" "..\..\..\..\..\Micrium\Software\uC-LIB\lib_math.c" "..\..\..\..\..\Micrium\Software\uC-LIB\lib_mem.c" "..\..\..\..\..\Micrium\Software\uC-LIB\lib_str.c" "..\..\..\..\..\Micrium\Software\uCOS-II\Ports\Win32\Visual Studio\os_cpu_c.c" "..\..\..\..\..\Micrium\Software\uCOS-II\Source\os_core.c" "..\..\..\..\..\Micrium\Software\uCOS-II\Source\os_dbg_r.c" "..\..\..\..\..\Micrium\Software\uCOS-II\Source\os_flag.c" "..\..\..\..\..\Micrium\Software\uCOS-II\Source\os_mbox.c" "..\..\..\..\..\Micrium\Software\uCOS-II\Source\os_mem.c" "..\..\..\..\..\Micrium\Software\uCOS-II\Source\os_mutex.c" "..\..\..\..\..\Micrium\Software\uCOS-II\Source\os_q.c" "..\..\..\..\..\Micrium\Software\uCOS-II\Source\os_sem.c" "..\..\..\..\..\Micrium\Software\uCOS-II\Source\os_task.c" "..\..\..\..\..\Micrium\Software\uCOS-II\Source\os_time.c" "..\..\..\..\..\Micrium\Software\uCOS-II\Source\os_tmr.c" ..\..\..\..\BSP\Windows\bsp_cpu.c ..\app_hooks.c ..\main.c
  
  cpu_core.c
  cpu_c.c
  lib_ascii.c
  lib_math.c
  lib_mem.c
  lib_str.c
  os_cpu_c.c
  os_core.c
  os_dbg_r.c
  os_flag.c
  os_mbox.c
  os_mem.c
  os_mutex.c
  os_q.c
  os_sem.c
  os_task.c
  os_time.c
  os_tmr.c
  bsp_cpu.c
  app_hooks.c
  正在生成代码...
  正在编译...
  main.c
\\mac\home\downloads\大三上学习资料\嵌入式\作业\ex3\191250133 陶泽华\数据竞争\microsoft\windows\kernel\os2\main.c(92): warning C4101: “os_err”: 未引用的局部变量
  正在生成代码...
  Microsoft (R) Incremental Linker Version 14.16.27045.0
  Copyright (C) Microsoft Corporation.  All rights reserved.
  
  "/OUT:\\Mac\Home\Downloads\大三上学习资料\嵌入式\作业\ex3\191250133 陶泽华\数据竞争\Microsoft\Windows\Kernel\OS2\VS\Debug\OS2.exe" /INCREMENTAL kernel32.lib user32.lib gdi32.lib winspool.lib comdlg32.lib advapi32.lib shell32.lib ole32.lib oleaut32.lib uuid.lib odbc32.lib odbccp32.lib /MANIFEST "/MANIFESTUAC:level='asInvoker' uiAccess='false'" /manifest:embed /DEBUG:FASTLINK "/PDB:\\Mac\Home\Downloads\大三上学习资料\嵌入式\作业\ex3\191250133 陶泽华\数据竞争\Microsoft\Windows\Kernel\OS2\VS\Debug\OS2.pdb" /TLBID:1 /DYNAMICBASE /NXCOMPAT "/IMPLIB:\\Mac\Home\Downloads\大三上学习资料\嵌入式\作业\ex3\191250133 陶泽华\数据竞争\Microsoft\Windows\Kernel\OS2\VS\Debug\OS2.lib" /MACHINE:X86 Debug\cpu_core.obj 
  Debug\cpu_c.obj 
  Debug\lib_ascii.obj 
  Debug\lib_math.obj 
  Debug\lib_mem.obj 
  Debug\lib_str.obj 
  Debug\os_cpu_c.obj 
  Debug\os_core.obj 
  Debug\os_dbg_r.obj 
  Debug\os_flag.obj 
  Debug\os_mbox.obj 
  Debug\os_mem.obj 
  Debug\os_mutex.obj 
  Debug\os_q.obj 
  Debug\os_sem.obj 
  Debug\os_task.obj 
  Debug\os_time.obj 
  Debug\os_tmr.obj 
  Debug\bsp_cpu.obj 
  Debug\app_hooks.obj 
  Debug\main.obj 
  OS2.vcxproj -> \\Mac\Home\Downloads\大三上学习资料\嵌入式\作业\ex3\191250133 陶泽华\数据竞争\Microsoft\Windows\Kernel\OS2\VS\Debug\OS2.exe
