\\mac\home\downloads\大三上学习资料\嵌入式\作业\ex3\micrium_win32_kernel\microsoft\windows\kernel\os2\vs\debug\os2.exe
\\mac\home\downloads\大三上学习资料\嵌入式\作业\ex3\micrium_win32_kernel\microsoft\windows\kernel\os2\vs\debug\os2.ilk
\\mac\home\downloads\大三上学习资料\嵌入式\作业\ex3\micrium_win32_kernel\microsoft\windows\kernel\os2\vs\debug\os2.pdb
\\mac\home\downloads\大三上学习资料\嵌入式\作业\ex3\micrium_win32_kernel\microsoft\windows\kernel\os2\vs\debug\vc141.pdb
\\mac\home\downloads\大三上学习资料\嵌入式\作业\ex3\micrium_win32_kernel\microsoft\windows\kernel\os2\vs\debug\vc141.idb
\\mac\home\downloads\大三上学习资料\嵌入式\作业\ex3\micrium_win32_kernel\microsoft\windows\kernel\os2\vs\debug\app_hooks.obj
\\mac\home\downloads\大三上学习资料\嵌入式\作业\ex3\micrium_win32_kernel\microsoft\windows\kernel\os2\vs\debug\bsp_cpu.obj
\\mac\home\downloads\大三上学习资料\嵌入式\作业\ex3\micrium_win32_kernel\microsoft\windows\kernel\os2\vs\debug\os_tmr.obj
\\mac\home\downloads\大三上学习资料\嵌入式\作业\ex3\micrium_win32_kernel\microsoft\windows\kernel\os2\vs\debug\os_time.obj
\\mac\home\downloads\大三上学习资料\嵌入式\作业\ex3\micrium_win32_kernel\microsoft\windows\kernel\os2\vs\debug\os_task.obj
\\mac\home\downloads\大三上学习资料\嵌入式\作业\ex3\micrium_win32_kernel\microsoft\windows\kernel\os2\vs\debug\os_sem.obj
\\mac\home\downloads\大三上学习资料\嵌入式\作业\ex3\micrium_win32_kernel\microsoft\windows\kernel\os2\vs\debug\os_q.obj
\\mac\home\downloads\大三上学习资料\嵌入式\作业\ex3\micrium_win32_kernel\microsoft\windows\kernel\os2\vs\debug\os_mutex.obj
\\mac\home\downloads\大三上学习资料\嵌入式\作业\ex3\micrium_win32_kernel\microsoft\windows\kernel\os2\vs\debug\os_mem.obj
\\mac\home\downloads\大三上学习资料\嵌入式\作业\ex3\micrium_win32_kernel\microsoft\windows\kernel\os2\vs\debug\os_mbox.obj
\\mac\home\downloads\大三上学习资料\嵌入式\作业\ex3\micrium_win32_kernel\microsoft\windows\kernel\os2\vs\debug\os_flag.obj
\\mac\home\downloads\大三上学习资料\嵌入式\作业\ex3\micrium_win32_kernel\microsoft\windows\kernel\os2\vs\debug\os_dbg_r.obj
\\mac\home\downloads\大三上学习资料\嵌入式\作业\ex3\micrium_win32_kernel\microsoft\windows\kernel\os2\vs\debug\os_cpu_c.obj
\\mac\home\downloads\大三上学习资料\嵌入式\作业\ex3\micrium_win32_kernel\microsoft\windows\kernel\os2\vs\debug\lib_str.obj
\\mac\home\downloads\大三上学习资料\嵌入式\作业\ex3\micrium_win32_kernel\microsoft\windows\kernel\os2\vs\debug\lib_mem.obj
\\mac\home\downloads\大三上学习资料\嵌入式\作业\ex3\micrium_win32_kernel\microsoft\windows\kernel\os2\vs\debug\lib_math.obj
\\mac\home\downloads\大三上学习资料\嵌入式\作业\ex3\micrium_win32_kernel\microsoft\windows\kernel\os2\vs\debug\lib_ascii.obj
\\mac\home\downloads\大三上学习资料\嵌入式\作业\ex3\micrium_win32_kernel\microsoft\windows\kernel\os2\vs\debug\cpu_c.obj
\\mac\home\downloads\大三上学习资料\嵌入式\作业\ex3\micrium_win32_kernel\microsoft\windows\kernel\os2\vs\debug\cpu_core.obj
\\mac\home\downloads\大三上学习资料\嵌入式\作业\ex3\micrium_win32_kernel\microsoft\windows\kernel\os2\vs\debug\main.obj
\\mac\home\downloads\大三上学习资料\嵌入式\作业\ex3\micrium_win32_kernel\microsoft\windows\kernel\os2\vs\debug\os_core.obj
\\mac\home\downloads\大三上学习资料\嵌入式\作业\ex3\micrium_win32_kernel\microsoft\windows\kernel\os2\vs\debug\os2.tlog\link.read.1.tlog
\\mac\home\downloads\大三上学习资料\嵌入式\作业\ex3\micrium_win32_kernel\microsoft\windows\kernel\os2\vs\debug\os2.tlog\link.command.1.tlog
\\mac\home\downloads\大三上学习资料\嵌入式\作业\ex3\micrium_win32_kernel\microsoft\windows\kernel\os2\vs\debug\os2.tlog\link.write.1.tlog
\\mac\home\downloads\大三上学习资料\嵌入式\作业\ex3\micrium_win32_kernel\microsoft\windows\kernel\os2\vs\debug\os2.tlog\cl.read.1.tlog
\\mac\home\downloads\大三上学习资料\嵌入式\作业\ex3\micrium_win32_kernel\microsoft\windows\kernel\os2\vs\debug\os2.tlog\cl.command.1.tlog
\\mac\home\downloads\大三上学习资料\嵌入式\作业\ex3\micrium_win32_kernel\microsoft\windows\kernel\os2\vs\debug\os2.tlog\cl.write.1.tlog
