  用于 x86 的 Microsoft (R) C/C++ 优化编译器 19.16.27045 版
  版权所有(C) Microsoft Corporation。保留所有权利。
  
  cl /c /ZI /JMC /W3 /WX- /diagnostics:classic /sdl /Od /Oy- /D _MBCS /Gm- /EHsc /RTC1 /MDd /GS /fp:precise /permissive- /Zc:wchar_t /Zc:forScope /Zc:inline /Fo"Debug\\" /Fd"Debug\vc141.pdb" /Gd /TP /analyze- /FC /errorReport:prompt "源.cpp"
  
  源.cpp
c:\users\taozehua\source\repos\q171\q171\weibo.h(41): warning C4018: “<”: 有符号/无符号不匹配
c:\users\taozehua\source\repos\q171\q171\weibo.h(65): warning C4018: “<”: 有符号/无符号不匹配
c:\users\taozehua\source\repos\q171\q171\weibo.h(73): warning C4018: “<”: 有符号/无符号不匹配
c:\users\taozehua\source\repos\q171\q171\weibo.h(102): warning C4018: “<”: 有符号/无符号不匹配
c:\users\taozehua\source\repos\q171\q171\weibo.h(108): warning C4018: “<”: 有符号/无符号不匹配
c:\users\taozehua\source\repos\q171\q171\weibo.h(114): warning C4018: “<”: 有符号/无符号不匹配
c:\users\taozehua\source\repos\q171\q171\weibo.h(124): warning C4018: “<”: 有符号/无符号不匹配
c:\users\taozehua\source\repos\q171\q171\weibo.h(133): warning C4018: “<”: 有符号/无符号不匹配
c:\users\taozehua\source\repos\q171\q171\weibo.h(142): warning C4018: “<”: 有符号/无符号不匹配
c:\users\taozehua\source\repos\q171\q171\weibo.h(165): warning C4018: “<”: 有符号/无符号不匹配
c:\users\taozehua\source\repos\q171\q171\weibo.h(166): warning C4018: “<”: 有符号/无符号不匹配
c:\users\taozehua\source\repos\q171\q171\weibo.h(184): warning C4018: “<”: 有符号/无符号不匹配
c:\users\taozehua\source\repos\q171\q171\weibo.h(204): warning C4018: “<”: 有符号/无符号不匹配
  Microsoft (R) Incremental Linker Version 14.16.27045.0
  Copyright (C) Microsoft Corporation.  All rights reserved.
  
  "/OUT:C:\Users\taozehua\source\repos\Q171\Debug\Q171.exe" /INCREMENTAL kernel32.lib user32.lib gdi32.lib winspool.lib comdlg32.lib advapi32.lib shell32.lib ole32.lib oleaut32.lib uuid.lib odbc32.lib odbccp32.lib /MANIFEST "/MANIFESTUAC:level='asInvoker' uiAccess='false'" /manifest:embed /DEBUG:FASTLINK "/PDB:C:\Users\taozehua\source\repos\Q171\Debug\Q171.pdb" /SUBSYSTEM:CONSOLE /TLBID:1 /DYNAMICBASE /NXCOMPAT "/IMPLIB:C:\Users\taozehua\source\repos\Q171\Debug\Q171.lib" /MACHINE:X86 "Debug\源.obj" 
  Q171.vcxproj -> C:\Users\taozehua\source\repos\Q171\Debug\Q171.exe
